c:\users\hp\desktop\ゲームプログラミング実習_2020 本番\gameprogramming\debug\vc120.pdb
c:\users\hp\desktop\ゲームプログラミング実習_2020 本番\gameprogramming\debug\vc120.idb
c:\users\hp\desktop\ゲームプログラミング実習_2020 本番\gameprogramming\debug\cmatrix.obj
c:\users\hp\desktop\ゲームプログラミング実習_2020 本番\gameprogramming\debug\cmodel.obj
c:\users\hp\desktop\ゲームプログラミング実習_2020 本番\gameprogramming\debug\cmodelx.obj
c:\users\hp\desktop\ゲームプログラミング実習_2020 本番\gameprogramming\debug\cmyshader.obj
c:\users\hp\desktop\ゲームプログラミング実習_2020 本番\gameprogramming\debug\cpoint.obj
c:\users\hp\desktop\ゲームプログラミング実習_2020 本番\gameprogramming\debug\cres.obj
c:\users\hp\desktop\ゲームプログラミング実習_2020 本番\gameprogramming\debug\cscene.obj
c:\users\hp\desktop\ゲームプログラミング実習_2020 本番\gameprogramming\debug\cscenegame.obj
c:\users\hp\desktop\ゲームプログラミング実習_2020 本番\gameprogramming\debug\cscenemanager.obj
c:\users\hp\desktop\ゲームプログラミング実習_2020 本番\gameprogramming\debug\cshader.obj
c:\users\hp\desktop\ゲームプログラミング実習_2020 本番\gameprogramming\debug\ctaskmanager.obj
c:\users\hp\desktop\ゲームプログラミング実習_2020 本番\gameprogramming\debug\ctext.obj
c:\users\hp\desktop\ゲームプログラミング実習_2020 本番\gameprogramming\debug\ctexture.obj
c:\users\hp\desktop\ゲームプログラミング実習_2020 本番\gameprogramming\debug\ctransform.obj
c:\users\hp\desktop\ゲームプログラミング実習_2020 本番\gameprogramming\debug\ctriangle.obj
c:\users\hp\desktop\ゲームプログラミング実習_2020 本番\gameprogramming\debug\cvector.obj
c:\users\hp\desktop\ゲームプログラミング実習_2020 本番\gameprogramming\debug\cxcharacter.obj
c:\users\hp\desktop\ゲームプログラミング実習_2020 本番\gameprogramming\debug\cxenemy.obj
c:\users\hp\desktop\ゲームプログラミング実習_2020 本番\gameprogramming\debug\cxplayer.obj
c:\users\hp\desktop\ゲームプログラミング実習_2020 本番\gameprogramming\debug\main.obj
c:\users\hp\desktop\ゲームプログラミング実習_2020 本番\gameprogramming\debug\cbillboard.obj
c:\users\hp\desktop\ゲームプログラミング実習_2020 本番\gameprogramming\debug\cbullet.obj
c:\users\hp\desktop\ゲームプログラミング実習_2020 本番\gameprogramming\debug\ccamera.obj
c:\users\hp\desktop\ゲームプログラミング実習_2020 本番\gameprogramming\debug\ccharacter.obj
c:\users\hp\desktop\ゲームプログラミング実習_2020 本番\gameprogramming\debug\ccollider.obj
c:\users\hp\desktop\ゲームプログラミング実習_2020 本番\gameprogramming\debug\ccollisionmanager.obj
c:\users\hp\desktop\ゲームプログラミング実習_2020 本番\gameprogramming\debug\ceffect.obj
c:\users\hp\desktop\ゲームプログラミング実習_2020 本番\gameprogramming\debug\ceye.obj
c:\users\hp\desktop\ゲームプログラミング実習_2020 本番\gameprogramming\debug\ckey.obj
c:\users\hp\desktop\ゲームプログラミング実習_2020 本番\gameprogramming\debug\cmap.obj
c:\users\hp\desktop\ゲームプログラミング実習_2020 本番\gameprogramming\debug\cmaterial.obj
c:\users\hp\desktop\ゲームプログラミング実習_2020 本番\gameprogramming\debug\cbullet2.obj
c:\users\hp\desktop\ゲームプログラミング実習_2020 本番\debug\gameprogramming.ilk
c:\users\hp\desktop\ゲームプログラミング実習_2020 本番\debug\gameprogramming.exe
c:\users\hp\desktop\ゲームプログラミング実習_2020 本番\debug\gameprogramming.pdb
c:\users\hp\desktop\ゲームプログラミング実習_2020 本番\gameprogramming\debug\gameprogramming.tlog\cl.command.1.tlog
c:\users\hp\desktop\ゲームプログラミング実習_2020 本番\gameprogramming\debug\gameprogramming.tlog\cl.read.1.tlog
c:\users\hp\desktop\ゲームプログラミング実習_2020 本番\gameprogramming\debug\gameprogramming.tlog\cl.write.1.tlog
c:\users\hp\desktop\ゲームプログラミング実習_2020 本番\gameprogramming\debug\gameprogramming.tlog\link.command.1.tlog
c:\users\hp\desktop\ゲームプログラミング実習_2020 本番\gameprogramming\debug\gameprogramming.tlog\link.read.1.tlog
c:\users\hp\desktop\ゲームプログラミング実習_2020 本番\gameprogramming\debug\gameprogramming.tlog\link.write.1.tlog
